<?xml version="1.0" encoding="UTF-8"?>
<!-- Generated by org.testng.reporters.JUnitReportReporter -->
<testsuite skipped="0" hostname="DESKTOP-V8KH0U1" name="TestNGTestS.TestQ" tests="2" failures="0" timestamp="09 Apr 2021 07:21:43 GMT" time="0.012" errors="0">
  <testcase name="m4" time="0.004" classname="TestNGTestS.TestQ"/>
  <testcase name="m3" time="0.008" classname="TestNGTestS.TestQ"/>
</testsuite> <!-- TestNGTestS.TestQ -->
